make all --print-data-base --no-builtin-variables --no-builtin-rules --question
# GNU Make 3.81
# Copyright (C) 2006  Free Software Foundation, Inc.
# This is free software; see the source for copying conditions.
# There is NO warranty; not even for MERCHANTABILITY or FITNESS FOR A
# PARTICULAR PURPOSE.

# This program built for i386-apple-darwin11.3.0
 
Makefile:11: warning: overriding commands for target `start'
Makefile:2: warning: ignoring old commands for target `start'
make: *** No rule to make target `all'.  Stop.


# Make data base, printed on Tue Jul 26 16:15:16 2022

# Variables

# environment
JENV_SHELL = zsh
# environment
RUBY_VERSION = ruby-3.0.0
# automatic
<D = $(patsubst %/,%,$(dir $<))
# automatic
?F = $(notdir $?)
# environment
NVM_INC = /Users/saf/.nvm/versions/node/v16.14.2/include/node
# automatic
?D = $(patsubst %/,%,$(dir $?))
# environment
rvm_path = /Users/saf/.rvm
# automatic
@D = $(patsubst %/,%,$(dir $@))
# automatic
@F = $(notdir $@)
# makefile
CURDIR := /Users/saf/dev/pact-foundation/docs.pact.io
# makefile
SHELL = /bin/sh
# environment
VSCODE_NLS_CONFIG = {"locale":"en-gb","availableLanguages":{},"_languagePackSupport":true}
# environment
_ = /usr/bin/make
# makefile (from `Makefile', line 1)
MAKEFILE_LIST :=  Makefile
# environment
__CFBundleIdentifier = com.microsoft.VSCode
# environment
INFOPATH = /opt/homebrew/share/info:
# environment
P9K_SSH = 0
# environment
VSCODE_CWD = /
# environment
PATH = /Users/saf/.rvm/gems/ruby-3.0.0/bin:/Users/saf/.rvm/gems/ruby-3.0.0@global/bin:/Users/saf/.rvm/rubies/ruby-3.0.0/bin:/Users/saf/.cargo/bin:/Users/saf/.jenv/shims:/Users/saf/.jenv/bin:/Users/saf/go:/Users/saf/.nvm/versions/node/v16.14.2/bin:/usr/local/bin:/usr/local/sbin:~/bin:/Users/saf/.nvm/versions/node/v16.14.2/bin:/opt/homebrew/bin:/opt/homebrew/sbin:/usr/local/bin:/usr/bin:/bin:/usr/sbin:/sbin:/usr/local/share/dotnet:~/.dotnet/tools:/Library/Apple/usr/bin:/Users/saf/.cargo/bin:/Users/saf/.yarn/bin:/Users/saf/.rvm/bin
# environment
JENV_FORCEJAVAHOME = true
# environment
LSCOLORS = Gxfxcxdxbxegedabagacad
# environment
GOPATH = /Users/saf/go
# environment
NVM_BIN = /Users/saf/.nvm/versions/node/v16.14.2/bin
# environment
LaunchInstanceID = A079F3B3-263C-4E0D-8D45-54AD2E6F62C3
# environment
ELECTRON_RUN_AS_NODE = 1
# default
.FEATURES := target-specific order-only second-expansion else-if archives jobserver check-symlink
# environment
SSH_AUTH_SOCK = /private/tmp/com.apple.launchd.qVNk8surYd/Listeners
# environment
JDK_HOME = /Users/saf/.jenv/versions/openjdk64-17.0.2
# automatic
%F = $(notdir $%)
# environment
rvm_bin_path = /Users/saf/.rvm/bin
# environment
PWD = /Users/saf/dev/pact-foundation/docs.pact.io
# environment
HOMEBREW_CELLAR = /opt/homebrew/Cellar
# environment
GEM_HOME = /Users/saf/.rvm/gems/ruby-3.0.0
# environment
ORIGINAL_XDG_CURRENT_DESKTOP = undefined
# environment
MANPATH = /Users/saf/.nvm/versions/node/v16.14.2/share/man:/opt/homebrew/share/man::
# environment
VSCODE_AMD_ENTRYPOINT = vs/workbench/api/node/extensionHostProcess
# environment
HOME = /Users/saf
# default
MAKEFILEPATH := /Applications/Xcode.app/Contents/Developer/Makefiles
# environment
VSCODE_CODE_CACHE_PATH = /Users/saf/Library/Application Support/Code/CachedData/3b889b090b5ad5793f524b5d1d39fda662b96a2a
# environment
LOGNAME = saf
# environment
APPLICATION_INSIGHTS_NO_DIAGNOSTIC_CHANNEL = true
# environment
NVM_CD_FLAGS = -q
# environment
ZSH = /Users/saf/.oh-my-zsh
# environment
VSCODE_HANDLES_UNCAUGHT_ERRORS = true
# automatic
^D = $(patsubst %/,%,$(dir $^))
# environment
JENV_FORCEJDKHOME = true
# environment
GEM_PATH = /Users/saf/.rvm/gems/ruby-3.0.0:/Users/saf/.rvm/gems/ruby-3.0.0@global
# environment
XPC_FLAGS = 0x0
# default
MAKE = $(MAKE_COMMAND)
# default
MAKECMDGOALS := all
# environment
IRBRC = /Users/saf/.rvm/rubies/ruby-3.0.0/.irbrc
# environment
SHLVL = 1
# environment
JAVA_HOME = /Users/saf/.jenv/versions/openjdk64-17.0.2
# default
MAKE_VERSION := 3.81
# environment
USER = saf
# makefile
.DEFAULT_GOAL := start
# environment
JENV_LOADED = 1
# environment
rvm_version = 1.29.12 (latest)
# environment
LESS = -R
# automatic
%D = $(patsubst %/,%,$(dir $%))
# default
MAKE_COMMAND := /Applications/Xcode.app/Contents/Developer/usr/bin/make
# default
.VARIABLES := 
# environment
TMPDIR = /var/folders/6p/t2w45yn96l34t9qh3w2vnck80000gn/T/
# automatic
*F = $(notdir $*)
# environment
VSCODE_IPC_HOOK = /Users/saf/Library/Application Support/Code/1.69.2-main.sock
# environment
MallocNanoZone = 0
# makefile
MAKEFLAGS = Rrqp
# environment
MFLAGS = -Rrqp
# automatic
*D = $(patsubst %/,%,$(dir $*))
# environment
NVM_DIR = /Users/saf/.nvm
# environment
XPC_SERVICE_NAME = application.com.microsoft.VSCode.37428376.37428388
# environment
HOMEBREW_PREFIX = /opt/homebrew
# automatic
+D = $(patsubst %/,%,$(dir $+))
# automatic
+F = $(notdir $+)
# environment
HOMEBREW_REPOSITORY = /opt/homebrew
# environment
__CF_USER_TEXT_ENCODING = 0x1F5:0:2
# environment
COMMAND_MODE = unix2003
# default
MAKEFILES := 
# automatic
<F = $(notdir $<)
# environment
PAGER = less
# environment
LC_ALL = C
# environment
SECURITYSESSIONID = 186b1
# automatic
^F = $(notdir $^)
# environment
rvm_prefix = /Users/saf
# default
SUFFIXES := 
# environment
MAKELEVEL := 0
# environment
GPG_TTY = not a tty
# environment
LANG = C
# environment
VSCODE_PID = 670
# environment
MY_RUBY_HOME = /Users/saf/.rvm/rubies/ruby-3.0.0
# variable set hash-table stats:
# Load=90/1024=9%, Rehash=0, Collisions=3/113=3%

# Pattern-specific Variable Values

# No pattern-specific variable values.

# Directories

# . (device 16777229, inode 11155628): 23 files, no impossibilities.

# 23 files, no impossibilities in 1 directories.

# Implicit Rules

# No implicit rules.

# Files

stop:
#  Implicit rule search has not been done.
#  Modification time never checked.
#  File has not been updated.
#  commands to execute (from `Makefile', line 14):
	docker rm -f docs-start
	

_start:
#  Implicit rule search has not been done.
#  Modification time never checked.
#  File has not been updated.
#  commands to execute (from `Makefile', line 17):
	cd website && yarn start
	

# Not a target:
all:
#  Command-line target.
#  Implicit rule search has been done.
#  File does not exist.
#  File has not been updated.
# variable set hash-table stats:
# Load=0/32=0%, Rehash=0, Collisions=0/0=0%

# Not a target:
.SUFFIXES:
#  Implicit rule search has not been done.
#  Modification time never checked.
#  File has not been updated.

# Not a target:
Makefile:
#  Implicit rule search has been done.
#  Last modified 2022-04-23 10:55:18
#  File has been updated.
#  Successfully updated.
# variable set hash-table stats:
# Load=0/32=0%, Rehash=0, Collisions=0/0=0%

start:
#  Implicit rule search has not been done.
#  Modification time never checked.
#  File has not been updated.
#  commands to execute (from `Makefile', line 11):
	docker-compose run --name docs-start --rm -p 3000:3000 --entrypoint /usr/bin/make dev-service _start
	

dev:
#  Implicit rule search has not been done.
#  Modification time never checked.
#  File has not been updated.
#  commands to execute (from `Makefile', line 8):
	docker-compose -f docker-compose-dev.yml run --name dev --rm --entrypoint /bin/sh dev-service
	

# Not a target:
.DEFAULT:
#  Implicit rule search has not been done.
#  Modification time never checked.
#  File has not been updated.

_build:
#  Implicit rule search has not been done.
#  Modification time never checked.
#  File has not been updated.
#  commands to execute (from `Makefile', line 5):
	cd website && yarn install && yarn run build
	

# files hash-table stats:
# Load=9/1024=1%, Rehash=0, Collisions=0/22=0%
# VPATH Search Paths

# No `vpath' search paths.

# No general (`VPATH' variable) search path.

# # of strings in strcache: 1
# # of strcache buffers: 1
# strcache size: total = 4096 / max = 4096 / min = 4096 / avg = 4096
# strcache free: total = 4087 / max = 4087 / min = 4087 / avg = 4087

# Finished Make data base on Tue Jul 26 16:15:16 2022

 
